<?xml version="1.0" encoding="UTF-8"?>
<!-- Generated by org.testng.reporters.JUnitReportReporter -->
<testsuite skipped="0" hostname="Automation-win" name="scripts.MultiLevelReviewFunctionalityTestForAnnexureLevel" tests="12" failures="0" timestamp="2024-01-23T18:51:46 IST" time="1188.974" errors="0">
  <testcase name="Annexure_Page_Test" time="7.843" classname="scripts.MultiLevelReviewFunctionalityTestForAnnexureLevel"/>
  <system-out/>
  <testcase name="Creating_Sub_AuditTypes_Test" time="407.979" classname="scripts.MultiLevelReviewFunctionalityTestForAnnexureLevel"/>
  <system-out/>
  <testcase name="Creating_Parent_Audit_Type_Test" time="293.230" classname="scripts.MultiLevelReviewFunctionalityTestForAnnexureLevel"/>
  <system-out/>
  <testcase name="Uploading_Annexure_Documents_Test" time="36.836" classname="scripts.MultiLevelReviewFunctionalityTestForAnnexureLevel"/>
  <system-out/>
  <testcase name="Auditee_Admin_Configuration_Test" time="15.759" classname="scripts.MultiLevelReviewFunctionalityTestForAnnexureLevel"/>
  <system-out/>
  <testcase name="Creating_Audit_Schedule_Test" time="17.815" classname="scripts.MultiLevelReviewFunctionalityTestForAnnexureLevel"/>
  <system-out/>
  <testcase name="Audit_Execution_Test" time="228.354" classname="scripts.MultiLevelReviewFunctionalityTestForAnnexureLevel"/>
  <system-out/>
  <testcase name="Review_Button_should_Not_Be_Display_Untill_Level_1_Reviewer_Recommends_Test" time="46.089" classname="scripts.MultiLevelReviewFunctionalityTestForAnnexureLevel"/>
  <system-out/>
  <testcase name="Level_1_Reviewer_Recommend_Test" time="40.300" classname="scripts.MultiLevelReviewFunctionalityTestForAnnexureLevel"/>
  <system-out/>
  <testcase name="Review_And_Finalizing_AuditType_By_Level_2_ReviewerTest" time="56.839" classname="scripts.MultiLevelReviewFunctionalityTestForAnnexureLevel"/>
  <system-out/>
  <testcase name="Validating_The_Scores_Test" time="19.038" classname="scripts.MultiLevelReviewFunctionalityTestForAnnexureLevel"/>
  <system-out/>
  <testcase name="Validating_The_Scores_Test02" time="18.892" classname="scripts.MultiLevelReviewFunctionalityTestForAnnexureLevel"/>
  <system-out/>
</testsuite> <!-- scripts.MultiLevelReviewFunctionalityTestForAnnexureLevel -->
