<?xml version="1.0" encoding="UTF-8"?>
<!-- Generated by org.testng.reporters.JUnitReportReporter -->
<testsuite skipped="0" hostname="Automation-win" name="scripts.AnnexurePageFunctionalityTest" tests="7" failures="0" timestamp="2023-09-08T11:15:05 IST" time="175.732" errors="0">
  <testcase name="Annexure_Page_Test" time="24.314" classname="scripts.AnnexurePageFunctionalityTest"/>
  <system-out/>
  <testcase name="Adding_Dynamic_Annexure_Test" time="23.770" classname="scripts.AnnexurePageFunctionalityTest"/>
  <system-out/>
  <testcase name="Adding_Static_Annexure_Test" time="23.566" classname="scripts.AnnexurePageFunctionalityTest"/>
  <system-out/>
  <testcase name="Adding_Same_Annexure_Test" time="22.519" classname="scripts.AnnexurePageFunctionalityTest"/>
  <system-out/>
  <testcase name="Edit_Annexure_Test" time="57.068" classname="scripts.AnnexurePageFunctionalityTest"/>
  <system-out/>
  <testcase name="Delete_Annexure_Test" time="23.384" classname="scripts.AnnexurePageFunctionalityTest"/>
  <system-out/>
  <testcase name="Add_Annexure_MandatoryFileds_Test" time="1.111" classname="scripts.AnnexurePageFunctionalityTest"/>
  <system-out/>
</testsuite> <!-- scripts.AnnexurePageFunctionalityTest -->
