<?xml version="1.0" encoding="UTF-8"?>
<!-- Generated by org.testng.reporters.JUnitReportReporter -->
<testsuite skipped="0" hostname="Automation-win" name="scripts.AuditeeReviewerIssuePageSearchFunctionalityTest" tests="9" failures="0" timestamp="2024-01-16T15:31:48 IST" time="73.206" errors="0">
  <testcase name="Issues_Page_Test" time="6.221" classname="scripts.AuditeeReviewerIssuePageSearchFunctionalityTest"/>
  <system-out/>
  <testcase name="Select_Parent_AuditType_Search_Test" time="4.422" classname="scripts.AuditeeReviewerIssuePageSearchFunctionalityTest"/>
  <system-out/>
  <testcase name="Select_Auditor_Search_Test" time="5.164" classname="scripts.AuditeeReviewerIssuePageSearchFunctionalityTest"/>
  <system-out/>
  <testcase name="Select_Issue_Status_Search_Test" time="28.086" classname="scripts.AuditeeReviewerIssuePageSearchFunctionalityTest"/>
  <system-out/>
  <testcase name="Schedule_Start_From_And_Schedule_Start_TO_Search_Functionality_Test" time="9.628" classname="scripts.AuditeeReviewerIssuePageSearchFunctionalityTest"/>
  <system-out/>
  <testcase name="Schedule_End_From_And_Schedule_End_TO_Search_Functionality_Test" time="0.699" classname="scripts.AuditeeReviewerIssuePageSearchFunctionalityTest"/>
  <system-out/>
  <testcase name="Schedule_Start_From_And_Schedule_Start_TO_Mandatory_Test" time="2.530" classname="scripts.AuditeeReviewerIssuePageSearchFunctionalityTest"/>
  <system-out/>
  <testcase name="Schedule_Due_Date_From_And_Schedule_Due_Date_To_Search_Test" time="6.755" classname="scripts.AuditeeReviewerIssuePageSearchFunctionalityTest"/>
  <system-out/>
  <testcase name="All_Search_Criteria_Test" time="9.701" classname="scripts.AuditeeReviewerIssuePageSearchFunctionalityTest"/>
  <system-out/>
</testsuite> <!-- scripts.AuditeeReviewerIssuePageSearchFunctionalityTest -->
