<?xml version="1.0" encoding="UTF-8"?>
<!-- Generated by org.testng.reporters.JUnitReportReporter -->
<testsuite skipped="0" hostname="Automation-win" name="scripts.MutiLevelReviewFunctionalityWithGroupLevelTest" tests="14" failures="0" timestamp="2024-01-25T16:43:54 IST" time="615.774" errors="0">
  <testcase name="Adding_Group_Test" time="6.046" classname="scripts.MutiLevelReviewFunctionalityWithGroupLevelTest"/>
  <system-out/>
  <testcase name="Creating_Parent_Audit_Type_Test" time="211.958" classname="scripts.MutiLevelReviewFunctionalityWithGroupLevelTest"/>
  <system-out/>
  <testcase name="Auditee_Admin_Configuration_Test" time="16.006" classname="scripts.MutiLevelReviewFunctionalityWithGroupLevelTest"/>
  <system-out/>
  <testcase name="Creating_Audit_Schedule_Test" time="18.197" classname="scripts.MutiLevelReviewFunctionalityWithGroupLevelTest"/>
  <system-out/>
  <testcase name="Audit_Execution_Tets" time="97.990" classname="scripts.MutiLevelReviewFunctionalityWithGroupLevelTest"/>
  <system-out/>
  <testcase name="Level_1_Reviewer_Recommendation_Test" time="40.017" classname="scripts.MutiLevelReviewFunctionalityWithGroupLevelTest"/>
  <system-out/>
  <testcase name="Level_3_Reviewer_Should_Not_Get_Main_Audit_Recommend_Button_Till_Level_2_User_Recommend_Test" time="29.458" classname="scripts.MutiLevelReviewFunctionalityWithGroupLevelTest"/>
  <system-out/>
  <testcase name="Level_2_Reviewer_Recommendation_Test" time="28.739" classname="scripts.MutiLevelReviewFunctionalityWithGroupLevelTest"/>
  <system-out/>
  <testcase name="Level_4_Reviewer_Should_Not_Get_Main_Audit_Recommend_Button_Till_Level_3_Reviewer_Recommend_Test" time="25.705" classname="scripts.MutiLevelReviewFunctionalityWithGroupLevelTest"/>
  <system-out/>
  <testcase name="Level_3_Reviewer_Recommendation_Test" time="21.471" classname="scripts.MutiLevelReviewFunctionalityWithGroupLevelTest"/>
  <system-out/>
  <testcase name="Level_5_Reviewer_Should_Not_Get_Main_Audit_Recommend_Till_Level_4_User_Recommend_Test" time="26.212" classname="scripts.MutiLevelReviewFunctionalityWithGroupLevelTest"/>
  <system-out/>
  <testcase name="Level_4_Reviewer_Recommend_Test" time="24.388" classname="scripts.MutiLevelReviewFunctionalityWithGroupLevelTest"/>
  <system-out/>
  <testcase name="Level_5_Reviewer_Recommend_Test" time="30.858" classname="scripts.MutiLevelReviewFunctionalityWithGroupLevelTest"/>
  <system-out/>
  <testcase name="Validating_The_Scores_Test" time="38.729" classname="scripts.MutiLevelReviewFunctionalityWithGroupLevelTest"/>
  <system-out/>
</testsuite> <!-- scripts.MutiLevelReviewFunctionalityWithGroupLevelTest -->
