<?xml version="1.0" encoding="UTF-8"?>
<!-- Generated by org.testng.reporters.JUnitReportReporter -->
<testsuite skipped="0" hostname="Automation-win" name="scripts.SuperAdminIssuePageSearchFunctionalityTest" tests="11" failures="0" timestamp="2024-01-16T15:31:48 IST" time="84.611" errors="0">
  <testcase name="Issues_Page_Test" time="7.560" classname="scripts.SuperAdminIssuePageSearchFunctionalityTest"/>
  <system-out/>
  <testcase name="Cluster_Is_Mandatory_Test" time="0.120" classname="scripts.SuperAdminIssuePageSearchFunctionalityTest"/>
  <system-out/>
  <testcase name="Select_Parent_AuditType_Search_Test" time="5.518" classname="scripts.SuperAdminIssuePageSearchFunctionalityTest"/>
  <system-out/>
  <testcase name="Select_Intent_Search_Test" time="9.576" classname="scripts.SuperAdminIssuePageSearchFunctionalityTest"/>
  <system-out/>
  <testcase name="Select_Group_Search_Test" time="6.340" classname="scripts.SuperAdminIssuePageSearchFunctionalityTest"/>
  <system-out/>
  <testcase name="Select_Issue_Status_Search_Test" time="6.121" classname="scripts.SuperAdminIssuePageSearchFunctionalityTest"/>
  <system-out/>
  <testcase name="Auditee_search_Functionality_Test" time="8.411" classname="scripts.SuperAdminIssuePageSearchFunctionalityTest"/>
  <system-out/>
  <testcase name="Schedule_Start_From_And_Schedule_Start_TO_Search_Functionality_Test" time="10.910" classname="scripts.SuperAdminIssuePageSearchFunctionalityTest"/>
  <system-out/>
  <testcase name="Schedule_End_From_And_Schedule_End_TO_Search_Functionality_Test" time="10.895" classname="scripts.SuperAdminIssuePageSearchFunctionalityTest"/>
  <system-out/>
  <testcase name="Schedule_Start_From_And_Schedule_Start_TO_Mandatory_Test" time="5.359" classname="scripts.SuperAdminIssuePageSearchFunctionalityTest"/>
  <system-out/>
  <testcase name="All_Search_Criteria_Test" time="13.801" classname="scripts.SuperAdminIssuePageSearchFunctionalityTest"/>
  <system-out/>
</testsuite> <!-- scripts.SuperAdminIssuePageSearchFunctionalityTest -->
