<?xml version="1.0" encoding="UTF-8"?>
<!-- Generated by org.testng.reporters.JUnitReportReporter -->
<testsuite skipped="0" hostname="Automation-win" name="scripts.ReAssignedRequestsAcceptFunctionalityTest" tests="5" failures="0" timestamp="2024-01-16T15:17:07 IST" time="344.230" errors="0">
  <testcase name="Creating_Audit_Type_Test" time="271.627" classname="scripts.ReAssignedRequestsAcceptFunctionalityTest"/>
  <system-out/>
  <testcase name="Auditee_Admin_Configuration_Test" time="18.928" classname="scripts.ReAssignedRequestsAcceptFunctionalityTest"/>
  <system-out/>
  <testcase name="Creating_Schedule_Test" time="19.348" classname="scripts.ReAssignedRequestsAcceptFunctionalityTest"/>
  <system-out/>
  <testcase name="Reassign_Audit_Schedule_Test" time="20.278" classname="scripts.ReAssignedRequestsAcceptFunctionalityTest"/>
  <system-out/>
  <testcase name="ReAssigned_Request_Accept_Test" time="14.049" classname="scripts.ReAssignedRequestsAcceptFunctionalityTest"/>
  <system-out/>
</testsuite> <!-- scripts.ReAssignedRequestsAcceptFunctionalityTest -->
