<?xml version="1.0" encoding="UTF-8"?>
<!-- Generated by org.testng.reporters.JUnitReportReporter -->
<testsuite skipped="0" hostname="Automation-win" name="scripts.AuditeeUserMyAuditsPageSearchFunctionalityTest" tests="6" failures="0" timestamp="2024-01-16T15:31:48 IST" time="49.283" errors="0">
  <testcase name="MY_Audits_Page_Test" time="6.924" classname="scripts.AuditeeUserMyAuditsPageSearchFunctionalityTest"/>
  <system-out/>
  <testcase name="Select_Audit_Type_Search_Test" time="9.638" classname="scripts.AuditeeUserMyAuditsPageSearchFunctionalityTest"/>
  <system-out/>
  <testcase name="Select_Execution_Status_Search_Test" time="4.675" classname="scripts.AuditeeUserMyAuditsPageSearchFunctionalityTest"/>
  <system-out/>
  <testcase name="Select_Date_Range_Search_Test" time="4.460" classname="scripts.AuditeeUserMyAuditsPageSearchFunctionalityTest"/>
  <system-out/>
  <testcase name="Select_Auditee_Search_Test" time="4.981" classname="scripts.AuditeeUserMyAuditsPageSearchFunctionalityTest"/>
  <system-out/>
  <testcase name="All_Search_Test" time="18.605" classname="scripts.AuditeeUserMyAuditsPageSearchFunctionalityTest"/>
  <system-out/>
</testsuite> <!-- scripts.AuditeeUserMyAuditsPageSearchFunctionalityTest -->
