<?xml version="1.0" encoding="UTF-8"?>
<!-- Generated by org.testng.reporters.JUnitReportReporter -->
<testsuite skipped="0" hostname="Automation-win" name="scripts.EditSheduleRejectFunctionalityTest" tests="5" failures="0" timestamp="2024-01-16T15:17:07 IST" time="274.070" errors="0">
  <testcase name="Creating_Audit_Type_Test" time="203.478" classname="scripts.EditSheduleRejectFunctionalityTest"/>
  <system-out/>
  <testcase name="Auditee_Admin_Configuration_Test" time="16.113" classname="scripts.EditSheduleRejectFunctionalityTest"/>
  <system-out/>
  <testcase name="Creating_Schedule_Test" time="19.080" classname="scripts.EditSheduleRejectFunctionalityTest"/>
  <system-out/>
  <testcase name="Edit_Audit_Schedule_Test" time="20.647" classname="scripts.EditSheduleRejectFunctionalityTest"/>
  <system-out/>
  <testcase name="Request_Reject_Test" time="14.752" classname="scripts.EditSheduleRejectFunctionalityTest"/>
  <system-out/>
</testsuite> <!-- scripts.EditSheduleRejectFunctionalityTest -->
