<?xml version="1.0" encoding="UTF-8"?>
<!-- Generated by org.testng.reporters.JUnitReportReporter -->
<testsuite skipped="0" hostname="Automation-win" name="scripts.SurveyResponseRequiredSelectedFunctionalityTest" tests="7" failures="0" timestamp="2024-01-30T15:48:11 IST" time="383.121" errors="0">
  <testcase name="Creating_Configure_Audit_Type_Test" time="206.803" classname="scripts.SurveyResponseRequiredSelectedFunctionalityTest"/>
  <system-out/>
  <testcase name="Auditee_Admin_Configuration_Test" time="17.700" classname="scripts.SurveyResponseRequiredSelectedFunctionalityTest"/>
  <system-out/>
  <testcase name="Adding_Survey_Questions_Test" time="25.065" classname="scripts.SurveyResponseRequiredSelectedFunctionalityTest"/>
  <system-out/>
  <testcase name="Audit_Schedule_Test" time="19.144" classname="scripts.SurveyResponseRequiredSelectedFunctionalityTest"/>
  <system-out/>
  <testcase name="Executing_The_Audit_Type_Test" time="79.667" classname="scripts.SurveyResponseRequiredSelectedFunctionalityTest"/>
  <system-out/>
  <testcase name="Signoff_Audit_Without_Auditor_Satisfaction_Survey_Test" time="17.829" classname="scripts.SurveyResponseRequiredSelectedFunctionalityTest"/>
  <system-out/>
  <testcase name="View_Survey_Responses_Test" time="16.913" classname="scripts.SurveyResponseRequiredSelectedFunctionalityTest"/>
  <system-out/>
</testsuite> <!-- scripts.SurveyResponseRequiredSelectedFunctionalityTest -->
