<?xml version="1.0" encoding="UTF-8"?>
<!-- Generated by org.testng.reporters.JUnitReportReporter -->
<testsuite skipped="0" hostname="Automation-win" name="scripts.AuditeeReviewerMyAuditsPageSearchFunctionalityTest" tests="6" failures="0" timestamp="2024-01-16T15:31:48 IST" time="42.599" errors="0">
  <testcase name="MY_Audits_Page_Test" time="4.663" classname="scripts.AuditeeReviewerMyAuditsPageSearchFunctionalityTest"/>
  <system-out/>
  <testcase name="Select_Audit_Type_Search_Test" time="8.770" classname="scripts.AuditeeReviewerMyAuditsPageSearchFunctionalityTest"/>
  <system-out/>
  <testcase name="Select_Execution_Status_Search_Test" time="3.787" classname="scripts.AuditeeReviewerMyAuditsPageSearchFunctionalityTest"/>
  <system-out/>
  <testcase name="Select_Date_Range_Search_Test" time="4.593" classname="scripts.AuditeeReviewerMyAuditsPageSearchFunctionalityTest"/>
  <system-out/>
  <testcase name="Select_Auditee_Search_Test" time="4.972" classname="scripts.AuditeeReviewerMyAuditsPageSearchFunctionalityTest"/>
  <system-out/>
  <testcase name="All_Search_Test" time="15.814" classname="scripts.AuditeeReviewerMyAuditsPageSearchFunctionalityTest"/>
  <system-out/>
</testsuite> <!-- scripts.AuditeeReviewerMyAuditsPageSearchFunctionalityTest -->
