<?xml version="1.0" encoding="UTF-8"?>
<!-- Generated by org.testng.reporters.JUnitReportReporter -->
<testsuite skipped="0" hostname="Automation-win" name="scripts.AuditeeUserIssuePageSearchFunctionalityTest" tests="9" failures="0" timestamp="2024-01-16T15:31:48 IST" time="76.257" errors="0">
  <testcase name="Issues_Page_Test" time="6.722" classname="scripts.AuditeeUserIssuePageSearchFunctionalityTest"/>
  <system-out/>
  <testcase name="Select_Parent_AuditType_Search_Test" time="4.747" classname="scripts.AuditeeUserIssuePageSearchFunctionalityTest"/>
  <system-out/>
  <testcase name="Select_Auditor_Search_Test" time="5.446" classname="scripts.AuditeeUserIssuePageSearchFunctionalityTest"/>
  <system-out/>
  <testcase name="Select_Issue_Status_Search_Test" time="28.350" classname="scripts.AuditeeUserIssuePageSearchFunctionalityTest"/>
  <system-out/>
  <testcase name="Schedule_Start_From_And_Schedule_Start_TO_Search_Functionality_Test" time="9.988" classname="scripts.AuditeeUserIssuePageSearchFunctionalityTest"/>
  <system-out/>
  <testcase name="Schedule_End_From_And_Schedule_End_TO_Search_Functionality_Test" time="1.075" classname="scripts.AuditeeUserIssuePageSearchFunctionalityTest"/>
  <system-out/>
  <testcase name="Schedule_Start_From_And_Schedule_Start_TO_Mandatory_Test" time="2.715" classname="scripts.AuditeeUserIssuePageSearchFunctionalityTest"/>
  <system-out/>
  <testcase name="Schedule_Due_Date_From_And_Schedule_Due_Date_To_Search_Test" time="6.878" classname="scripts.AuditeeUserIssuePageSearchFunctionalityTest"/>
  <system-out/>
  <testcase name="All_Search_Criteria_Test" time="10.336" classname="scripts.AuditeeUserIssuePageSearchFunctionalityTest"/>
  <system-out/>
</testsuite> <!-- scripts.AuditeeUserIssuePageSearchFunctionalityTest -->
