<?xml version="1.0" encoding="UTF-8"?>
<!-- Generated by org.testng.reporters.JUnitReportReporter -->
<testsuite skipped="0" hostname="Automation-win" name="scripts.EditSheduleApproveFunctionalityTest" tests="5" failures="0" timestamp="2024-01-16T15:17:07 IST" time="273.634" errors="0">
  <testcase name="Creating_Audit_Test" time="202.966" classname="scripts.EditSheduleApproveFunctionalityTest"/>
  <system-out/>
  <testcase name="Auditee_Admin_Configuration_Test" time="16.321" classname="scripts.EditSheduleApproveFunctionalityTest"/>
  <system-out/>
  <testcase name="Creating_Schedule_Test" time="19.168" classname="scripts.EditSheduleApproveFunctionalityTest"/>
  <system-out/>
  <testcase name="Edit_Schedule_Test" time="20.608" classname="scripts.EditSheduleApproveFunctionalityTest"/>
  <system-out/>
  <testcase name="Request_Accept_Test" time="14.571" classname="scripts.EditSheduleApproveFunctionalityTest"/>
  <system-out/>
</testsuite> <!-- scripts.EditSheduleApproveFunctionalityTest -->
