<?xml version="1.0" encoding="UTF-8"?>
<!-- Generated by org.testng.reporters.JUnitReportReporter -->
<testsuite skipped="0" hostname="Automation-win" name="scripts.RejectScheduleRejectFunctionalityTest" tests="6" failures="0" timestamp="2024-01-16T15:17:07 IST" time="305.088" errors="0">
  <testcase name="Creating_Audit_Type_Test" time="198.155" classname="scripts.RejectScheduleRejectFunctionalityTest"/>
  <system-out/>
  <testcase name="Auditee_Admin_Configuration_Test" time="17.025" classname="scripts.RejectScheduleRejectFunctionalityTest"/>
  <system-out/>
  <testcase name="Creating_Audit_Schedule_Test" time="29.806" classname="scripts.RejectScheduleRejectFunctionalityTest"/>
  <system-out/>
  <testcase name="Rejecting_Audit_Schedule_Test" time="20.370" classname="scripts.RejectScheduleRejectFunctionalityTest"/>
  <system-out/>
  <testcase name="Rejecting_The_Request_By_Admin_Test" time="16.334" classname="scripts.RejectScheduleRejectFunctionalityTest"/>
  <system-out/>
  <testcase name="Rejected_Request_Should_Show_For_The_Auditor_Test" time="23.398" classname="scripts.RejectScheduleRejectFunctionalityTest"/>
  <system-out/>
</testsuite> <!-- scripts.RejectScheduleRejectFunctionalityTest -->
