<?xml version="1.0" encoding="UTF-8"?>
<!-- Generated by org.testng.reporters.JUnitReportReporter -->
<testsuite skipped="0" hostname="Automation-win" name="scripts.SurveyResponsePageFunctionalityTest" tests="5" failures="0" timestamp="2024-01-16T14:18:45 IST" time="45.155" errors="0">
  <testcase name="Survey_Response_Page_Test" time="7.529" classname="scripts.SurveyResponsePageFunctionalityTest"/>
  <system-out/>
  <testcase name="Select_Audit_Type_Search_Test" time="4.360" classname="scripts.SurveyResponsePageFunctionalityTest"/>
  <system-out/>
  <testcase name="Select_Auditee_Search_Test" time="4.825" classname="scripts.SurveyResponsePageFunctionalityTest"/>
  <system-out/>
  <testcase name="Select_Auditor_Search_Test" time="4.461" classname="scripts.SurveyResponsePageFunctionalityTest"/>
  <system-out/>
  <testcase name="Search_Functionality_Test" time="23.980" classname="scripts.SurveyResponsePageFunctionalityTest"/>
  <system-out/>
</testsuite> <!-- scripts.SurveyResponsePageFunctionalityTest -->
