<?xml version="1.0" encoding="UTF-8"?>
<!-- Generated by org.testng.reporters.JUnitReportReporter -->
<testsuite skipped="0" hostname="Automation-win" name="scripts.RejectSchedulePageSearchFunctionalityTest" tests="7" failures="0" timestamp="2024-01-16T15:31:48 IST" time="42.535" errors="0">
  <testcase name="Rejected_Requests_Page_Test" time="7.452" classname="scripts.RejectSchedulePageSearchFunctionalityTest"/>
  <system-out/>
  <testcase name="Select_Audit_Type_Search_Test" time="2.577" classname="scripts.RejectSchedulePageSearchFunctionalityTest"/>
  <system-out/>
  <testcase name="Select_Auditee_Search_Test" time="2.479" classname="scripts.RejectSchedulePageSearchFunctionalityTest"/>
  <system-out/>
  <testcase name="Select_Auditor_Search_Test" time="2.319" classname="scripts.RejectSchedulePageSearchFunctionalityTest"/>
  <system-out/>
  <testcase name="Select_Schedule_Status_Search_Test" time="19.219" classname="scripts.RejectSchedulePageSearchFunctionalityTest"/>
  <system-out/>
  <testcase name="Schedule_Date_From_And_To_Search_Test" time="1.758" classname="scripts.RejectSchedulePageSearchFunctionalityTest"/>
  <system-out/>
  <testcase name="All_Search_Test" time="6.731" classname="scripts.RejectSchedulePageSearchFunctionalityTest"/>
  <system-out/>
</testsuite> <!-- scripts.RejectSchedulePageSearchFunctionalityTest -->
