<?xml version="1.0" encoding="UTF-8"?>
<!-- Generated by org.testng.reporters.JUnitReportReporter -->
<testsuite skipped="0" hostname="Automation-win" name="scripts.ReassignedRequestRejectFunctionalityTest" tests="5" failures="0" timestamp="2024-01-16T15:17:07 IST" time="340.751" errors="0">
  <testcase name="Creating_Audit_Type_Test" time="266.395" classname="scripts.ReassignedRequestRejectFunctionalityTest"/>
  <system-out/>
  <testcase name="Auditee_Admin_Configuration_Test" time="17.101" classname="scripts.ReassignedRequestRejectFunctionalityTest"/>
  <system-out/>
  <testcase name="Creating_Schedule_Audit_Test" time="19.838" classname="scripts.ReassignedRequestRejectFunctionalityTest"/>
  <system-out/>
  <testcase name="Reassign_Audit_Schedule_Test" time="21.345" classname="scripts.ReassignedRequestRejectFunctionalityTest"/>
  <system-out/>
  <testcase name="ReAssigned_Request_Reject_Test" time="16.072" classname="scripts.ReassignedRequestRejectFunctionalityTest"/>
  <system-out/>
</testsuite> <!-- scripts.ReassignedRequestRejectFunctionalityTest -->
