<?xml version="1.0" encoding="UTF-8"?>
<!-- Generated by org.testng.reporters.JUnitReportReporter -->
<testsuite skipped="0" hostname="Automation-win" name="scripts.ApproveSchedulePageSearchFunctionalityTest" tests="7" failures="0" timestamp="2024-01-16T15:31:48 IST" time="45.954" errors="0">
  <testcase name="Approved_Requests_Page_Test" time="9.441" classname="scripts.ApproveSchedulePageSearchFunctionalityTest"/>
  <system-out/>
  <testcase name="Select_Audit_Type_Search_Test" time="2.921" classname="scripts.ApproveSchedulePageSearchFunctionalityTest"/>
  <system-out/>
  <testcase name="Select_Auditee_Search_Test" time="2.734" classname="scripts.ApproveSchedulePageSearchFunctionalityTest"/>
  <system-out/>
  <testcase name="Select_Auditor_Search_Test" time="2.525" classname="scripts.ApproveSchedulePageSearchFunctionalityTest"/>
  <system-out/>
  <testcase name="Select_Schedule_Status_Search_Test" time="19.323" classname="scripts.ApproveSchedulePageSearchFunctionalityTest"/>
  <system-out/>
  <testcase name="Schedule_Date_From_And_To_Search_Test" time="1.718" classname="scripts.ApproveSchedulePageSearchFunctionalityTest"/>
  <system-out/>
  <testcase name="All_Search_Test" time="7.292" classname="scripts.ApproveSchedulePageSearchFunctionalityTest"/>
  <system-out/>
</testsuite> <!-- scripts.ApproveSchedulePageSearchFunctionalityTest -->
