<?xml version="1.0" encoding="UTF-8"?>
<!-- Generated by org.testng.reporters.JUnitReportReporter -->
<testsuite hostname="DESKTOP-F396GN6" failures="0" tests="10" name="scripts.SpotResolutionByAuditorExecutionRSLSubAuditsScenario3Test" time="1109.738" errors="0" timestamp="2024-03-29T12:49:25 IST" skipped="0">
  <testcase classname="scripts.SpotResolutionByAuditorExecutionRSLSubAuditsScenario3Test" name="Annexure_Page_Test" time="5.813"/>
  <testcase classname="scripts.SpotResolutionByAuditorExecutionRSLSubAuditsScenario3Test" name="Creating_Sub_AuditTypes_Test" time="326.735"/>
  <testcase classname="scripts.SpotResolutionByAuditorExecutionRSLSubAuditsScenario3Test" name="Creating_Parent_Audit_Type_Test" time="299.265"/>
  <testcase classname="scripts.SpotResolutionByAuditorExecutionRSLSubAuditsScenario3Test" name="Uploading_Annexure_Documents_Test" time="25.464"/>
  <testcase classname="scripts.SpotResolutionByAuditorExecutionRSLSubAuditsScenario3Test" name="Auditee_Admin_Configuration_Test" time="19.466"/>
  <testcase classname="scripts.SpotResolutionByAuditorExecutionRSLSubAuditsScenario3Test" name="Creating_Audit_Schedule_Test" time="18.839"/>
  <testcase classname="scripts.SpotResolutionByAuditorExecutionRSLSubAuditsScenario3Test" name="Audit_Execution_Test" time="257.045"/>
  <testcase classname="scripts.SpotResolutionByAuditorExecutionRSLSubAuditsScenario3Test" name="SignOff_Audit_Test" time="33.513"/>
  <testcase classname="scripts.SpotResolutionByAuditorExecutionRSLSubAuditsScenario3Test" name="Clsoing_And_Finalizing_The_Audit_Test" time="87.874"/>
  <testcase classname="scripts.SpotResolutionByAuditorExecutionRSLSubAuditsScenario3Test" name="Validating_The_Scores_Test" time="35.724"/>
</testsuite> <!-- scripts.SpotResolutionByAuditorExecutionRSLSubAuditsScenario3Test -->
