<?xml version="1.0" encoding="UTF-8"?>
<!-- Generated by org.testng.reporters.JUnitReportReporter -->
<testsuite skipped="0" hostname="Automation-win" name="scripts.AuditScheduleSearchFunctionalityTest" tests="10" failures="0" timestamp="2024-01-16T15:31:48 IST" time="96.221" errors="0">
  <testcase name="Audit_Schedule_Page_Test" time="7.177" classname="scripts.AuditScheduleSearchFunctionalityTest"/>
  <system-out/>
  <testcase name="Select_Audit_Type_Search_Functionality_Test" time="7.757" classname="scripts.AuditScheduleSearchFunctionalityTest"/>
  <system-out/>
  <testcase name="Select_Country_Search_Functionality_Test" time="13.327" classname="scripts.AuditScheduleSearchFunctionalityTest"/>
  <system-out/>
  <testcase name="Select_Auditee_Search_Functionality_Test" time="9.500" classname="scripts.AuditScheduleSearchFunctionalityTest"/>
  <system-out/>
  <testcase name="Select_Execution_Status_Search_Functionality_Test" time="22.016" classname="scripts.AuditScheduleSearchFunctionalityTest"/>
  <system-out/>
  <testcase name="Schedule_Start_From_And_Schedule_Start_TO_Search_Functionality_Test" time="7.739" classname="scripts.AuditScheduleSearchFunctionalityTest"/>
  <system-out/>
  <testcase name="Schedule_End_From_And_Schedule_End_TO_Search_Functionality_Test" time="7.453" classname="scripts.AuditScheduleSearchFunctionalityTest"/>
  <system-out/>
  <testcase name="Schedule_Start_From_And_Schedule_Start_TO_Mandatory_Test" time="3.500" classname="scripts.AuditScheduleSearchFunctionalityTest"/>
  <system-out/>
  <testcase name="Schedule_End_From_And_Schedule_End_TO_Mandatory_Test" time="4.158" classname="scripts.AuditScheduleSearchFunctionalityTest"/>
  <system-out/>
  <testcase name="Audit_Review_Period_From_And_Audit_Review_Period_To_Search_Functionality_Test" time="13.594" classname="scripts.AuditScheduleSearchFunctionalityTest"/>
  <system-out/>
</testsuite> <!-- scripts.AuditScheduleSearchFunctionalityTest -->
