<?xml version="1.0" encoding="UTF-8"?>
<!-- Generated by org.testng.reporters.JUnitReportReporter -->
<testsuite hostname="DESKTOP-F396GN6" failures="0" tests="17" name="scripts.ReportsPageFunctionalityTest" time="36.414" errors="0" timestamp="2024-02-22T10:24:05 IST" skipped="12">
  <testcase classname="scripts.ReportsPageFunctionalityTest" name="Reports_Page_Test" time="5.431"/>
  <testcase classname="scripts.ReportsPageFunctionalityTest" name="Detailed_Report_With_Audit_Summary_Reports_Test" time="4.979"/>
  <testcase classname="scripts.ReportsPageFunctionalityTest" name="Detailed_Report_With_Audit_Issue_Summary_Reports_Test" time="10.747"/>
  <testcase classname="scripts.ReportsPageFunctionalityTest" name="List_Of_Issues_With_Status_Reports_Test" time="7.907"/>
  <testcase classname="scripts.ReportsPageFunctionalityTest" name="Aging_Of_Issues_Reports_Test" time="7.350"/>
  <testcase classname="scripts.ReportsPageFunctionalityTest" name="Pie_Chart_Based_On_Audit_Status_Reports_Test">
    <skipped/>
  </testcase> <!-- Pie_Chart_Based_On_Audit_Status_Reports_Test -->
  <testcase classname="scripts.ReportsPageFunctionalityTest" name="Audit_Rating_Counts_Reports_Test">
    <skipped/>
  </testcase> <!-- Audit_Rating_Counts_Reports_Test -->
  <testcase classname="scripts.ReportsPageFunctionalityTest" name="Pie_Chart_Based_On_Issue_Reports_Test">
    <skipped/>
  </testcase> <!-- Pie_Chart_Based_On_Issue_Reports_Test -->
  <testcase classname="scripts.ReportsPageFunctionalityTest" name="Bottom_5_Auditees_Reports_Test">
    <skipped/>
  </testcase> <!-- Bottom_5_Auditees_Reports_Test -->
  <testcase classname="scripts.ReportsPageFunctionalityTest" name="Regionwise_Groupwise_Compliance_Reports_Test">
    <skipped/>
  </testcase> <!-- Regionwise_Groupwise_Compliance_Reports_Test -->
  <testcase classname="scripts.ReportsPageFunctionalityTest" name="Auditee_Average_Audit_Rating_Score_Reports_Test">
    <skipped/>
  </testcase> <!-- Auditee_Average_Audit_Rating_Score_Reports_Test -->
  <testcase classname="scripts.ReportsPageFunctionalityTest" name="Monthly_Top_Five_Adherence_Reports_Test">
    <skipped/>
  </testcase> <!-- Monthly_Top_Five_Adherence_Reports_Test -->
  <testcase classname="scripts.ReportsPageFunctionalityTest" name="Monthly_Bottom_Five_Reports_Test">
    <skipped/>
  </testcase> <!-- Monthly_Bottom_Five_Reports_Test -->
  <testcase classname="scripts.ReportsPageFunctionalityTest" name="Monthly_Bottom_Five_Adherence_Reports_Test">
    <skipped/>
  </testcase> <!-- Monthly_Bottom_Five_Adherence_Reports_Test -->
  <testcase classname="scripts.ReportsPageFunctionalityTest" name="Top_5_Auditees_Reports_Test">
    <skipped/>
  </testcase> <!-- Top_5_Auditees_Reports_Test -->
  <testcase classname="scripts.ReportsPageFunctionalityTest" name="Monthly_Top_Five_Reports_Test">
    <skipped/>
  </testcase> <!-- Monthly_Top_Five_Reports_Test -->
  <testcase classname="scripts.ReportsPageFunctionalityTest" name="Issue_Status_And_Issue_Types_Reports_Test">
    <skipped/>
  </testcase> <!-- Issue_Status_And_Issue_Types_Reports_Test -->
</testsuite> <!-- scripts.ReportsPageFunctionalityTest -->
