<?xml version="1.0" encoding="UTF-8"?>
<!-- Generated by org.testng.reporters.JUnitReportReporter -->
<testsuite hostname="DESKTOP-F396GN6" failures="0" tests="4" name="scripts.LoginPageFunctionalityTest" time="22.261" errors="0" timestamp="2024-02-22T10:24:05 IST" skipped="0">
  <testcase classname="scripts.LoginPageFunctionalityTest" name="Valid_Login_Test" time="4.616"/>
  <testcase classname="scripts.LoginPageFunctionalityTest" name="Logout_Test" time="3.683"/>
  <testcase classname="scripts.LoginPageFunctionalityTest" name="Invalid_Login_Test" time="10.034"/>
  <testcase classname="scripts.LoginPageFunctionalityTest" name="User_Acount_Lock_Test" time="3.928"/>
</testsuite> <!-- scripts.LoginPageFunctionalityTest -->
