<?xml version="1.0" encoding="UTF-8"?>
<!-- Generated by org.testng.reporters.JUnitReportReporter -->
<testsuite skipped="0" hostname="Automation-win" name="scripts.AuditorMyIssuePageSearchFunctionality" tests="10" failures="0" timestamp="2024-01-16T15:31:48 IST" time="72.013" errors="0">
  <testcase name="Issues_Page_Test" time="7.374" classname="scripts.AuditorMyIssuePageSearchFunctionality"/>
  <system-out/>
  <testcase name="Select_Parent_AuditType_Search_Test" time="4.881" classname="scripts.AuditorMyIssuePageSearchFunctionality"/>
  <system-out/>
  <testcase name="Select_Intent_Search_Test" time="9.266" classname="scripts.AuditorMyIssuePageSearchFunctionality"/>
  <system-out/>
  <testcase name="Select_Group_Search_Test" time="4.832" classname="scripts.AuditorMyIssuePageSearchFunctionality"/>
  <system-out/>
  <testcase name="Select_Issue_Status_Search_Test" time="4.723" classname="scripts.AuditorMyIssuePageSearchFunctionality"/>
  <system-out/>
  <testcase name="Auditee_search_Functionality_Test" time="7.194" classname="scripts.AuditorMyIssuePageSearchFunctionality"/>
  <system-out/>
  <testcase name="Schedule_Start_From_And_Schedule_Start_TO_Search_Functionality_Test" time="9.990" classname="scripts.AuditorMyIssuePageSearchFunctionality"/>
  <system-out/>
  <testcase name="Schedule_End_From_And_Schedule_End_TO_Search_Functionality_Test" time="9.969" classname="scripts.AuditorMyIssuePageSearchFunctionality"/>
  <system-out/>
  <testcase name="Schedule_Start_From_And_Schedule_Start_TO_Mandatory_Test" time="2.751" classname="scripts.AuditorMyIssuePageSearchFunctionality"/>
  <system-out/>
  <testcase name="All_Search_Criteria_Test" time="11.033" classname="scripts.AuditorMyIssuePageSearchFunctionality"/>
  <system-out/>
</testsuite> <!-- scripts.AuditorMyIssuePageSearchFunctionality -->
