<?xml version="1.0" encoding="UTF-8"?>
<!-- Generated by org.testng.reporters.JUnitReportReporter -->
<testsuite skipped="0" hostname="Automation-win" name="scripts.ReassignSchedulePageSearchFunctionalityTest" tests="7" failures="0" timestamp="2024-01-16T15:31:48 IST" time="43.014" errors="0">
  <testcase name="ReAssigned_Request_Page_Test" time="8.289" classname="scripts.ReassignSchedulePageSearchFunctionalityTest"/>
  <system-out/>
  <testcase name="Select_Audit_Type_Search_Test" time="2.773" classname="scripts.ReassignSchedulePageSearchFunctionalityTest"/>
  <system-out/>
  <testcase name="Select_Auditee_Search_Test" time="2.686" classname="scripts.ReassignSchedulePageSearchFunctionalityTest"/>
  <system-out/>
  <testcase name="Select_Auditor_Search_Test" time="2.691" classname="scripts.ReassignSchedulePageSearchFunctionalityTest"/>
  <system-out/>
  <testcase name="Select_Schedule_Status_Search_Test" time="19.493" classname="scripts.ReassignSchedulePageSearchFunctionalityTest"/>
  <system-out/>
  <testcase name="Schedule_Date_From_And_To_Search_Test" time="1.780" classname="scripts.ReassignSchedulePageSearchFunctionalityTest"/>
  <system-out/>
  <testcase name="All_Search_Test" time="5.302" classname="scripts.ReassignSchedulePageSearchFunctionalityTest"/>
  <system-out/>
</testsuite> <!-- scripts.ReassignSchedulePageSearchFunctionalityTest -->
